<?xml version="1.0" encoding="UTF-8"?>
<!-- Generated by org.testng.reporters.JUnitXMLReporter -->
<testsuite ignored="2" hostname="DESKTOP-MF5HO5G" failures="0" tests="3" name="chromeTests" time="36.168" errors="0" timestamp="2024-11-29T16:14:08 IST">
  <testcase classname="TestCases.RegisterTestCases" name="verifyRegsiterationWithBlankData" time="3.846"/>
  <testcase classname="TestCases.RegisterTestCases" name="verifyRegsiterationWithValidData" time="3.108"/>
  <testcase classname="TestCases.LoginTestCases" name="verifyLoginWithValidData" time="3.213"/>
  <testcase classname="Resources.BaseClass" name="@BeforeSuite ExtentReport" time="0.0">
    <ignored/>
  </testcase> <!-- @BeforeSuite ExtentReport -->
  <testcase classname="Resources.BaseClass" name="@AfterSuite endReport" time="0.0">
    <ignored/>
  </testcase> <!-- @AfterSuite endReport -->
</testsuite> <!-- chromeTests -->
