<?xml version="1.0" encoding="UTF-8"?>
<!-- Generated by org.testng.reporters.JUnitXMLReporter -->
<testsuite ignored="2" hostname="DESKTOP-MF5HO5G" failures="0" tests="3" name="firefoxTests" time="41.337" errors="0" timestamp="2024-11-29T16:14:13 IST">
  <testcase classname="TestCases.RegisterTestCases" name="verifyRegsiterationWithBlankData" time="3.372"/>
  <testcase classname="TestCases.RegisterTestCases" name="verifyRegsiterationWithValidData" time="3.795"/>
  <testcase classname="TestCases.LoginTestCases" name="verifyLoginWithValidData" time="1.542"/>
  <testcase classname="Resources.BaseClass" name="@BeforeSuite ExtentReport" time="0.0">
    <ignored/>
  </testcase> <!-- @BeforeSuite ExtentReport -->
  <testcase classname="Resources.BaseClass" name="@AfterSuite endReport" time="0.0">
    <ignored/>
  </testcase> <!-- @AfterSuite endReport -->
</testsuite> <!-- firefoxTests -->
