<?xml version="1.0" encoding="UTF-8"?>
<!-- Generated by org.testng.reporters.JUnitXMLReporter -->
<testsuite ignored="3" hostname="DESKTOP-MF5HO5G" failures="1" tests="2" name="Test" time="22.253" errors="0" timestamp="2024-10-23T07:43:24 IST">
  <testcase classname="TestCases.RegisterTestCases" name="verifyRegistrationWithValidData" time="17.167"/>
  <testcase classname="TestCases.LoginTestCases" name="verifyLoginWithInValidData" time="5.017">
    <failure type="java.lang.AssertionError" message="The following asserts failed:
	expected [ Warning: No match for E-Mail Address and/or Password.] but found [Warning: No match for E-Mail Address and/or Password.]">
      <![CDATA[java.lang.AssertionError: The following asserts failed:
expected [ Warning: No match for E-Mail Address and/or Password.] but found [Warning: No match for E-Mail Address and/or Password.]
at TestCases.LoginTestCases.verifyLoginWithInValidData(LoginTestCases.java:68)
at java.base/java.util.ArrayList.forEach(ArrayList.java:1597)
... Removed 27 stack frames]]>
    </failure>
  </testcase> <!-- verifyLoginWithInValidData -->
  <testcase classname="TestCases.LoginTestCases" name="verifyLoginWithValidData" time="0.0">
    <ignored/>
  </testcase> <!-- verifyLoginWithValidData -->
  <testcase classname="TestCases.RegisterTestCases" name="verifyRegistrationWithBlankData" time="0.0">
    <ignored/>
  </testcase> <!-- verifyRegistrationWithBlankData -->
  <testcase classname="TestCases.RegisterTestCases" name="verifyRegistrationWithInValidData" time="0.0">
    <ignored/>
  </testcase> <!-- verifyRegistrationWithInValidData -->
</testsuite> <!-- Test -->
